<?xml version="1.0" encoding="UTF-8"?>
<!-- Generated by org.testng.reporters.JUnitReportReporter -->
<testsuite hostname="AdminOff-PC" failures="0" tests="2" name="tests.GetandPostEXa" time="11.003" errors="0" timestamp="2023-10-12T15:22:27 EEST" skipped="0">
  <testcase classname="tests.GetandPostEXa" name="TestPost" time="0.934"/>
  <testcase classname="tests.GetandPostEXa" name="TestGet" time="10.069"/>
</testsuite> <!-- tests.GetandPostEXa -->
