<?xml version="1.0" encoding="UTF-8"?>
<!-- Generated by org.testng.reporters.JUnitReportReporter -->
<testsuite hostname="AdminOff-PC" failures="0" tests="1" name="tests.JsonSchemaValidator" time="7.303" errors="0" timestamp="2023-10-14T15:35:07 EEST" skipped="0">
  <testcase classname="tests.JsonSchemaValidator" name="TestGet" time="7.303"/>
</testsuite> <!-- tests.JsonSchemaValidator -->
