<?xml version="1.0" encoding="UTF-8"?>
<!-- Generated by org.testng.reporters.JUnitReportReporter -->
<testsuite hostname="AdminOff-PC" failures="0" tests="3" name="tests.PutbatchandDeleteEXa" time="11.321" errors="0" timestamp="2023-10-14T09:23:30 EEST" skipped="0">
  <testcase classname="tests.PutbatchandDeleteEXa" name="TestDelete" time="10.386"/>
  <testcase classname="tests.PutbatchandDeleteEXa" name="Testput" time="0.370"/>
  <testcase classname="tests.PutbatchandDeleteEXa" name="Testpatch" time="0.565"/>
</testsuite> <!-- tests.PutbatchandDeleteEXa -->
