<?xml version="1.0" encoding="UTF-8"?>
<!-- Generated by org.testng.reporters.JUnitReportReporter -->
<testsuite hostname="AdminOff-PC" failures="0" tests="2" name="tests.TestsExa" time="9.941" errors="0" timestamp="2023-10-10T14:14:07 EEST" skipped="0">
  <testcase classname="tests.TestsExa" name="test_1" time="1.592"/>
  <testcase classname="tests.TestsExa" name="Test_2" time="8.349"/>
</testsuite> <!-- tests.TestsExa -->
